<?xml version="1.0" encoding="UTF-8"?>
<!-- Generated by org.testng.reporters.JUnitReportReporter -->
<testsuite hostname="amitysoft" failures="0" tests="1" name="Testcases.supplymanagement" time="33.794" errors="0" timestamp="25 Jul 2018 07:50:35 GMT" skipped="0">
  <testcase classname="Testcases.supplymanagement" name="supply_tc" time="33.794"/>
</testsuite> <!-- Testcases.supplymanagement -->
