<?xml version="1.0" encoding="UTF-8"?>
<!-- Generated by org.testng.reporters.JUnitReportReporter -->
<testsuite hostname="amitysoft" failures="0" tests="1" name="Testcases.login1" time="1.144" errors="0" timestamp="25 Jul 2018 07:48:50 GMT" skipped="0">
  <testcase classname="Testcases.login1" name="login" time="1.144"/>
</testsuite> <!-- Testcases.login1 -->
