<?xml version="1.0" encoding="UTF-8"?>
<!-- Generated by org.testng.reporters.JUnitReportReporter -->
<testsuite hostname="NIVENSAR" failures="0" tests="1" name="Testcases.login1" time="6.015" errors="0" timestamp="24 Jul 2018 04:06:08 GMT" skipped="0">
  <testcase classname="Testcases.login1" name="login" time="6.015"/>
</testsuite> <!-- Testcases.login1 -->
