<?xml version="1.0" encoding="UTF-8"?>
<!-- Generated by org.testng.reporters.JUnitReportReporter -->
<testsuite hostname="NIVENSAR" failures="0" tests="1" name="Browser.chromebrowser" time="9.691" errors="0" timestamp="06 Jul 2018 16:51:56 GMT" skipped="0">
  <testcase classname="Browser.chromebrowser" name="chrome" time="9.691"/>
</testsuite> <!-- Browser.chromebrowser -->
